Using pre-set license
Built from '2022.3/staging' branch; Version is '2022.3.22f1 (887be4894c44) revision 8944612'; Using compiler version '192829333'; Build Type 'Release'
OS: 'Windows 10  (10.0.19042) 64bit Core' Language: 'ko' Physical Memory: 32628 MB
BatchMode: 1, IsHumanControllingUs: 0, StartBugReporterOnCrash: 0, Is64bit: 1, IsPro: 1

COMMAND LINE ARGUMENTS:
E:\Unity_A_JHY\Unity\Unity 2022.3.22f1\Editor\Unity.exe
-adb2
-batchMode
-noUpm
-name
AssetImportWorker0
-projectPath
E:/Unity_A_JHY/UnityProject/GameProject/ProjectD
-logFile
Logs/AssetImportWorker0.log
-srvPort
49448
Successfully changed project path to: E:/Unity_A_JHY/UnityProject/GameProject/ProjectD
E:/Unity_A_JHY/UnityProject/GameProject/ProjectD
[UnityMemory] Configuration Parameters - Can be set up in boot.config
    "memorysetup-bucket-allocator-granularity=16"
    "memorysetup-bucket-allocator-bucket-count=8"
    "memorysetup-bucket-allocator-block-size=33554432"
    "memorysetup-bucket-allocator-block-count=8"
    "memorysetup-main-allocator-block-size=16777216"
    "memorysetup-thread-allocator-block-size=16777216"
    "memorysetup-gfx-main-allocator-block-size=16777216"
    "memorysetup-gfx-thread-allocator-block-size=16777216"
    "memorysetup-cache-allocator-block-size=4194304"
    "memorysetup-typetree-allocator-block-size=2097152"
    "memorysetup-profiler-bucket-allocator-granularity=16"
    "memorysetup-profiler-bucket-allocator-bucket-count=8"
    "memorysetup-profiler-bucket-allocator-block-size=33554432"
    "memorysetup-profiler-bucket-allocator-block-count=8"
    "memorysetup-profiler-allocator-block-size=16777216"
    "memorysetup-profiler-editor-allocator-block-size=1048576"
    "memorysetup-temp-allocator-size-main=16777216"
    "memorysetup-job-temp-allocator-block-size=2097152"
    "memorysetup-job-temp-allocator-block-size-background=1048576"
    "memorysetup-job-temp-allocator-reduction-small-platforms=262144"
    "memorysetup-allocator-temp-initial-block-size-main=262144"
    "memorysetup-allocator-temp-initial-block-size-worker=262144"
    "memorysetup-temp-allocator-size-background-worker=32768"
    "memorysetup-temp-allocator-size-job-worker=262144"
    "memorysetup-temp-allocator-size-preload-manager=33554432"
    "memorysetup-temp-allocator-size-nav-mesh-worker=65536"
    "memorysetup-temp-allocator-size-audio-worker=65536"
    "memorysetup-temp-allocator-size-cloud-worker=32768"
    "memorysetup-temp-allocator-size-gi-baking-worker=262144"
    "memorysetup-temp-allocator-size-gfx=262144"
Player connection [13580] Host "[IP] 172.16.106.6 [Port] 0 [Flags] 2 [Guid] 3646825278 [EditorId] 3646825278 [Version] 1048832 [Id] WindowsEditor(7,DESKTOP-NO2EV63) [Debug] 1 [PackageName] WindowsEditor [ProjectName] Editor" joined multi-casting on [225.0.0.222:54997]...

Player connection [13580] Host "[IP] 172.16.106.6 [Port] 0 [Flags] 2 [Guid] 3646825278 [EditorId] 3646825278 [Version] 1048832 [Id] WindowsEditor(7,DESKTOP-NO2EV63) [Debug] 1 [PackageName] WindowsEditor [ProjectName] Editor" joined alternative multi-casting on [225.0.0.222:34997]...

[Physics::Module] Initialized MultithreadedJobDispatcher with 3 workers.
Refreshing native plugins compatible for Editor in 12.11 ms, found 4 plugins.
Preloading 0 native plugins for Editor in 0.00 ms.
Initialize engine version: 2022.3.22f1 (887be4894c44)
[Subsystems] Discovering subsystems at path E:/Unity_A_JHY/Unity/Unity 2022.3.22f1/Editor/Data/Resources/UnitySubsystems
[Subsystems] Discovering subsystems at path E:/Unity_A_JHY/UnityProject/GameProject/ProjectD/Assets
GfxDevice: creating device client; threaded=0; jobified=0
Direct3D:
    Version:  Direct3D 11.0 [level 11.1]
    Renderer: Intel(R) HD Graphics 530 (ID=0x1912)
    Vendor:   Intel
    VRAM:     16314 MB
    Driver:   27.20.100.8935
Initialize mono
Mono path[0] = 'E:/Unity_A_JHY/Unity/Unity 2022.3.22f1/Editor/Data/Managed'
Mono path[1] = 'E:/Unity_A_JHY/Unity/Unity 2022.3.22f1/Editor/Data/MonoBleedingEdge/lib/mono/unityjit-win32'
Mono config path = 'E:/Unity_A_JHY/Unity/Unity 2022.3.22f1/Editor/Data/MonoBleedingEdge/etc'
Using monoOptions --debugger-agent=transport=dt_socket,embedding=1,server=y,suspend=n,address=127.0.0.1:56012
Begin MonoManager ReloadAssembly
Registering precompiled unity dll's ...
Register platform support module: E:/Unity_A_JHY/Unity/Unity 2022.3.22f1/Editor/Data/PlaybackEngines/WindowsStandaloneSupport/UnityEditor.WindowsStandalone.Extensions.dll
Registered in 0.005811 seconds.
- Loaded All Assemblies, in  0.463 seconds
Native extension for WindowsStandalone target not found
Mono: successfully reloaded assembly
- Finished resetting the current domain, in  0.382 seconds
Domain Reload Profiling: 845ms
	BeginReloadAssembly (138ms)
		ExecutionOrderSort (0ms)
		DisableScriptedObjects (0ms)
		BackupInstance (0ms)
		ReleaseScriptingObjects (0ms)
		CreateAndSetChildDomain (1ms)
	RebuildCommonClasses (45ms)
	RebuildNativeTypeToScriptingClass (15ms)
	initialDomainReloadingComplete (67ms)
	LoadAllAssembliesAndSetupDomain (197ms)
		LoadAssemblies (137ms)
		RebuildTransferFunctionScriptingTraits (0ms)
		AnalyzeDomain (194ms)
			TypeCache.Refresh (193ms)
				TypeCache.ScanAssembly (176ms)
			ScanForSourceGeneratedMonoScriptInfo (0ms)
			ResolveRequiredComponents (1ms)
	FinalizeReload (382ms)
		ReleaseScriptCaches (0ms)
		RebuildScriptCaches (0ms)
		SetupLoadedEditorAssemblies (302ms)
			LogAssemblyErrors (0ms)
			InitializePlatformSupportModulesInManaged (11ms)
			SetLoadedEditorAssemblies (10ms)
			RefreshPlugins (0ms)
			BeforeProcessingInitializeOnLoad (3ms)
			ProcessInitializeOnLoadAttributes (208ms)
			ProcessInitializeOnLoadMethodAttributes (70ms)
			AfterProcessingInitializeOnLoad (0ms)
			EditorAssembliesLoaded (0ms)
		ExecutionOrderSort2 (0ms)
		AwakeInstancesAfterBackupRestoration (0ms)
========================================================================
Worker process is ready to serve import requests
Begin MonoManager ReloadAssembly
- Loaded All Assemblies, in  0.968 seconds
Refreshing native plugins compatible for Editor in 3.13 ms, found 4 plugins.
Native extension for WindowsStandalone target not found
Package Manager log level set to [2]
[Package Manager] Server::EnsureServerProcessIsRunning -- launch failed, reason: Unity was launched with the -noUpm command-line argument
[Package Manager] UpmClient::Send -- Unable to send message (not connected to UPM process).
[Package Manager] Cannot connect to Unity Package Manager local server
Mono: successfully reloaded assembly
- Finished resetting the current domain, in  0.982 seconds
Domain Reload Profiling: 1949ms
	BeginReloadAssembly (193ms)
		ExecutionOrderSort (0ms)
		DisableScriptedObjects (7ms)
		BackupInstance (0ms)
		ReleaseScriptingObjects (0ms)
		CreateAndSetChildDomain (28ms)
	RebuildCommonClasses (45ms)
	RebuildNativeTypeToScriptingClass (15ms)
	initialDomainReloadingComplete (73ms)
	LoadAllAssembliesAndSetupDomain (641ms)
		LoadAssemblies (397ms)
		RebuildTransferFunctionScriptingTraits (0ms)
		AnalyzeDomain (356ms)
			TypeCache.Refresh (300ms)
				TypeCache.ScanAssembly (279ms)
			ScanForSourceGeneratedMonoScriptInfo (36ms)
			ResolveRequiredComponents (18ms)
	FinalizeReload (983ms)
		ReleaseScriptCaches (0ms)
		RebuildScriptCaches (0ms)
		SetupLoadedEditorAssemblies (743ms)
			LogAssemblyErrors (0ms)
			InitializePlatformSupportModulesInManaged (10ms)
			SetLoadedEditorAssemblies (5ms)
			RefreshPlugins (0ms)
			BeforeProcessingInitializeOnLoad (105ms)
			ProcessInitializeOnLoadAttributes (519ms)
			ProcessInitializeOnLoadMethodAttributes (101ms)
			AfterProcessingInitializeOnLoad (4ms)
			EditorAssembliesLoaded (0ms)
		ExecutionOrderSort2 (0ms)
		AwakeInstancesAfterBackupRestoration (9ms)
Launched and connected shader compiler UnityShaderCompiler.exe after 0.05 seconds
Refreshing native plugins compatible for Editor in 3.22 ms, found 4 plugins.
Preloading 0 native plugins for Editor in 0.00 ms.
Unloading 5694 Unused Serialized files (Serialized files now loaded: 0)
Unloading 93 unused Assets / (2.1 MB). Loaded Objects now: 6161.
Memory consumption went from 259.3 MB to 257.2 MB.
Total: 5.181700 ms (FindLiveObjects: 0.544800 ms CreateObjectMapping: 0.728600 ms MarkObjects: 3.381400 ms  DeleteObjects: 0.525100 ms)

AssetImportParameters requested are different than current active one (requested -> active):
  custom:container-demuxer-ogg: 62fdf1f143b41e24485cea50d1cbac27 -> 
  custom:video-decoder-ogg-theora: a1e56fd34408186e4bbccfd4996cb3dc -> 
  custom:framework-win-MediaFoundation: 216162199b28c13a410421893ffa2e32 -> 
  custom:CustomObjectIndexerAttribute: 3ead1caaecf1c488f20bcfeb224b6af5 -> 
  custom:container-demuxer-webm: 4f35f7cbe854078d1ac9338744f61a02 -> 
  custom:container-muxer-webm: aa71ff27fc2769a1b78a27578f13a17b -> 
  custom:video-decoder-webm-vp8: 9c59270c3fd7afecdb556c50c9e8de78 -> 
  custom:SearchIndexIgnoredProperties: e643bd26f0fe6173181afceb89e7c659 -> 
  custom:AudioImporter_EditorPlatform: d09bf68614088b80899f8185d706f6e7 -> 
  custom:video-encoder-webm-vp8: eb34c28f22e8b96e1ab97ce403110664 -> 
  custom:audio-decoder-ogg-vorbis: bf7c407c2cedff20999df2af8eb42d56 -> 
  custom:audio-encoder-webm-vorbis: bf7c407c2cedff20999df2af8eb42d56 -> 
========================================================================
Received Import Request.
  Time since last request: 5245085.364153 seconds.
  path: Assets/Prefabs/MapPrefabs/Wall_2 1.prefab
  artifactKey: Guid(51109ac4ef4083f4bade04d1dde1b439) Importer(815301076,1909f56bfc062723c751e8b465ee728b)
Start importing Assets/Prefabs/MapPrefabs/Wall_2 1.prefab using Guid(51109ac4ef4083f4bade04d1dde1b439) Importer(815301076,1909f56bfc062723c751e8b465ee728b)  -> (artifact id: '896ec1d63e95347ec80acddc99ae7e36') in 0.417561 seconds
Number of updated asset objects reloaded before import = 0
Number of asset objects unloaded after import = 19
========================================================================
Received Import Request.
  Time since last request: 42.518530 seconds.
  path: Assets/Prefabs/MapPrefabs/ExitWall_0.prefab
  artifactKey: Guid(51109ac4ef4083f4bade04d1dde1b439) Importer(815301076,1909f56bfc062723c751e8b465ee728b)
Start importing Assets/Prefabs/MapPrefabs/ExitWall_0.prefab using Guid(51109ac4ef4083f4bade04d1dde1b439) Importer(815301076,1909f56bfc062723c751e8b465ee728b)  -> (artifact id: '657a60df4cabc173cfe27cc3c3502722') in 0.016044 seconds
Number of updated asset objects reloaded before import = 0
Number of asset objects unloaded after import = 18
========================================================================
Received Import Request.
  Time since last request: 87.278051 seconds.
  path: Assets/Prefabs/MapPrefabs/Wall_1 1.prefab
  artifactKey: Guid(869d46c8315740c4fa8da377733c793b) Importer(815301076,1909f56bfc062723c751e8b465ee728b)
Start importing Assets/Prefabs/MapPrefabs/Wall_1 1.prefab using Guid(869d46c8315740c4fa8da377733c793b) Importer(815301076,1909f56bfc062723c751e8b465ee728b)  -> (artifact id: '0ffa6c219e006c4f7e750bc130cdc735') in 0.017236 seconds
Number of updated asset objects reloaded before import = 0
Number of asset objects unloaded after import = 33
========================================================================
Received Import Request.
  Time since last request: 29.692693 seconds.
  path: Assets/Prefabs/MapPrefabs/Wall_Size24.prefab
  artifactKey: Guid(869d46c8315740c4fa8da377733c793b) Importer(815301076,1909f56bfc062723c751e8b465ee728b)
Start importing Assets/Prefabs/MapPrefabs/Wall_Size24.prefab using Guid(869d46c8315740c4fa8da377733c793b) Importer(815301076,1909f56bfc062723c751e8b465ee728b)  -> (artifact id: 'fd1dd3b274ac7394bb5ede7e5ac1cfa7') in 0.013413 seconds
Number of updated asset objects reloaded before import = 0
Number of asset objects unloaded after import = 33
========================================================================
Received Import Request.
  Time since last request: 851.341725 seconds.
  path: Packages/com.unity.render-pipelines.universal/Runtime/Materials/ParticlesUnlit.mat
  artifactKey: Guid(e823cd5b5d27c0f4b8256e7c12ee3e6d) Importer(815301076,1909f56bfc062723c751e8b465ee728b)
Start importing Packages/com.unity.render-pipelines.universal/Runtime/Materials/ParticlesUnlit.mat using Guid(e823cd5b5d27c0f4b8256e7c12ee3e6d) Importer(815301076,1909f56bfc062723c751e8b465ee728b)  -> (artifact id: '40439df3ead7ee90bd192e2c09455a0e') in 0.416699 seconds
Number of updated asset objects reloaded before import = 0
Number of asset objects unloaded after import = 1
========================================================================
Received Import Request.
  Time since last request: 513.642394 seconds.
  path: Assets/Prefabs/MapPrefabs/Rooms/Corridor1.prefab
  artifactKey: Guid(6ea465f9e9b635d44b3a89902712b574) Importer(815301076,1909f56bfc062723c751e8b465ee728b)
Start importing Assets/Prefabs/MapPrefabs/Rooms/Corridor1.prefab using Guid(6ea465f9e9b635d44b3a89902712b574) Importer(815301076,1909f56bfc062723c751e8b465ee728b)  -> (artifact id: '4d24318c385394d7f69da50f1b93003c') in 0.087277 seconds
Number of updated asset objects reloaded before import = 0
Number of asset objects unloaded after import = 523
========================================================================
Received Import Request.
  Time since last request: 52.569758 seconds.
  path: Assets/Prefabs/MapPrefabs/Rooms/Corridor2.prefab
  artifactKey: Guid(1aa63df8ff48d954999229132ab3a2b4) Importer(815301076,1909f56bfc062723c751e8b465ee728b)
Start importing Assets/Prefabs/MapPrefabs/Rooms/Corridor2.prefab using Guid(1aa63df8ff48d954999229132ab3a2b4) Importer(815301076,1909f56bfc062723c751e8b465ee728b)  -> (artifact id: '7472c7b182654e5d2a1fea4432579c38') in 0.059654 seconds
Number of updated asset objects reloaded before import = 0
Number of asset objects unloaded after import = 443
========================================================================
Received Import Request.
  Time since last request: 19.720353 seconds.
  path: Assets/Prefabs/MapPrefabs/Rooms/Corridor2.prefab
  artifactKey: Guid(1aa63df8ff48d954999229132ab3a2b4) Importer(815301076,1909f56bfc062723c751e8b465ee728b)
Start importing Assets/Prefabs/MapPrefabs/Rooms/Corridor2.prefab using Guid(1aa63df8ff48d954999229132ab3a2b4) Importer(815301076,1909f56bfc062723c751e8b465ee728b)  -> (artifact id: '2d38a9f5b127fdd77381cc6e49b80458') in 0.054851 seconds
Number of updated asset objects reloaded before import = 0
Number of asset objects unloaded after import = 443
========================================================================
Received Import Request.
  Time since last request: 51.686816 seconds.
  path: Assets/DownloadAssets/CatBorg Studio/3D Dungeon Lowpoly Pack/Materials/Glass.mat
  artifactKey: Guid(00d936608e1969947b5f410959bad6ab) Importer(815301076,1909f56bfc062723c751e8b465ee728b)
Start importing Assets/DownloadAssets/CatBorg Studio/3D Dungeon Lowpoly Pack/Materials/Glass.mat using Guid(00d936608e1969947b5f410959bad6ab) Importer(815301076,1909f56bfc062723c751e8b465ee728b)  -> (artifact id: '6526095d7442355635f72dac40df0743') in 0.032840 seconds
Number of updated asset objects reloaded before import = 0
Number of asset objects unloaded after import = 2
========================================================================
Received Import Request.
  Time since last request: 0.000021 seconds.
  path: Assets/DownloadAssets/CatBorg Studio/3D Dungeon Lowpoly Pack/Materials/Material_Emmision_Red.mat
  artifactKey: Guid(cdb37826a04b3ed43b5807afee542f08) Importer(815301076,1909f56bfc062723c751e8b465ee728b)
Start importing Assets/DownloadAssets/CatBorg Studio/3D Dungeon Lowpoly Pack/Materials/Material_Emmision_Red.mat using Guid(cdb37826a04b3ed43b5807afee542f08) Importer(815301076,1909f56bfc062723c751e8b465ee728b)  -> (artifact id: 'f7eadf073be2d3289b3699cbeaa42b18') in 0.009973 seconds
Number of updated asset objects reloaded before import = 0
Number of asset objects unloaded after import = 2
========================================================================
Received Import Request.
  Time since last request: 0.000037 seconds.
  path: Assets/DownloadAssets/CatBorg Studio/3D Dungeon Lowpoly Pack/Materials/M_Imphenzia_LowPollyStyle.mat
  artifactKey: Guid(6209e65906b7d3b45ae8ea4784695500) Importer(815301076,1909f56bfc062723c751e8b465ee728b)
Start importing Assets/DownloadAssets/CatBorg Studio/3D Dungeon Lowpoly Pack/Materials/M_Imphenzia_LowPollyStyle.mat using Guid(6209e65906b7d3b45ae8ea4784695500) Importer(815301076,1909f56bfc062723c751e8b465ee728b)  -> (artifact id: '0af8c5a4259b8d3c354e05b1ae7b021e') in 0.011959 seconds
Number of updated asset objects reloaded before import = 0
Number of asset objects unloaded after import = 3
========================================================================
Received Import Request.
  Time since last request: 131.647119 seconds.
  path: Assets/Prefabs/MapPrefabs/Rooms/DeadEnd2.prefab
  artifactKey: Guid(7e6bf5ce4827fef4f9024b616d30eff6) Importer(815301076,1909f56bfc062723c751e8b465ee728b)
Start importing Assets/Prefabs/MapPrefabs/Rooms/DeadEnd2.prefab using Guid(7e6bf5ce4827fef4f9024b616d30eff6) Importer(815301076,1909f56bfc062723c751e8b465ee728b)  -> (artifact id: 'a78670c6fe7e81972cd42c974cef543c') in 0.024657 seconds
Number of updated asset objects reloaded before import = 0
Number of asset objects unloaded after import = 27
========================================================================
Received Import Request.
  Time since last request: 130.802760 seconds.
  path: Assets/Prefabs/MapPrefabs/Rooms/DeadEnd3.prefab
  artifactKey: Guid(60a20aa0272af9e4ba17abd29976ef40) Importer(815301076,1909f56bfc062723c751e8b465ee728b)
Start importing Assets/Prefabs/MapPrefabs/Rooms/DeadEnd3.prefab using Guid(60a20aa0272af9e4ba17abd29976ef40) Importer(815301076,1909f56bfc062723c751e8b465ee728b)  -> (artifact id: '6f52589b39ad3f96a9b40a6074009426') in 0.018840 seconds
Number of updated asset objects reloaded before import = 0
Number of asset objects unloaded after import = 27
========================================================================
Received Import Request.
  Time since last request: 18.589775 seconds.
  path: Assets/Prefabs/MapPrefabs/Rooms/DeadEnd2.prefab
  artifactKey: Guid(7e6bf5ce4827fef4f9024b616d30eff6) Importer(815301076,1909f56bfc062723c751e8b465ee728b)
Start importing Assets/Prefabs/MapPrefabs/Rooms/DeadEnd2.prefab using Guid(7e6bf5ce4827fef4f9024b616d30eff6) Importer(815301076,1909f56bfc062723c751e8b465ee728b)  -> (artifact id: '219a6038e1f6237d98ac4e70c14a7c34') in 0.019138 seconds
Number of updated asset objects reloaded before import = 0
Number of asset objects unloaded after import = 27
========================================================================
Received Import Request.
  Time since last request: 23.184903 seconds.
  path: Assets/Prefabs/MapPrefabs/Rooms/Room2.prefab
  artifactKey: Guid(daf624d095e78814a848e1f21da76419) Importer(815301076,1909f56bfc062723c751e8b465ee728b)
Start importing Assets/Prefabs/MapPrefabs/Rooms/Room2.prefab using Guid(daf624d095e78814a848e1f21da76419) Importer(815301076,1909f56bfc062723c751e8b465ee728b)  -> (artifact id: 'c73ae2431c2d07ef1aa72ccb67637c71') in 0.049339 seconds
Number of updated asset objects reloaded before import = 0
Number of asset objects unloaded after import = 309
========================================================================
Received Import Request.
  Time since last request: 16464.327456 seconds.
  path: Assets/Prefabs/MapPrefabs/Rooms/Room3.prefab
  artifactKey: Guid(d1e3171ab2772b249a646ccdb6431318) Importer(815301076,1909f56bfc062723c751e8b465ee728b)
Start importing Assets/Prefabs/MapPrefabs/Rooms/Room3.prefab using Guid(d1e3171ab2772b249a646ccdb6431318) Importer(815301076,1909f56bfc062723c751e8b465ee728b)  -> (artifact id: 'a5aa26b9dfff5390e4e5276762d893b8') in 0.034081 seconds
Number of updated asset objects reloaded before import = 0
Number of asset objects unloaded after import = 281
========================================================================
Received Import Request.
  Time since last request: 250.695796 seconds.
  path: Assets/Prefabs/MapPrefabs/Rooms/Room3.prefab
  artifactKey: Guid(d1e3171ab2772b249a646ccdb6431318) Importer(815301076,1909f56bfc062723c751e8b465ee728b)
Start importing Assets/Prefabs/MapPrefabs/Rooms/Room3.prefab using Guid(d1e3171ab2772b249a646ccdb6431318) Importer(815301076,1909f56bfc062723c751e8b465ee728b)  -> (artifact id: '3b5e270c4496a62c7c6f73368673b465') in 0.044931 seconds
Number of updated asset objects reloaded before import = 0
Number of asset objects unloaded after import = 373
========================================================================
Received Import Request.
  Time since last request: 891.083516 seconds.
  path: Assets/DownloadAssets/LevelGenerator/Demo/Materials/Corridor.mat
  artifactKey: Guid(7276bc4d40a71aa4f8e2617d6f7951f2) Importer(815301076,1909f56bfc062723c751e8b465ee728b)
Start importing Assets/DownloadAssets/LevelGenerator/Demo/Materials/Corridor.mat using Guid(7276bc4d40a71aa4f8e2617d6f7951f2) Importer(815301076,1909f56bfc062723c751e8b465ee728b)  -> (artifact id: 'e6cc05c6f1eb3345039bdd2e674ebb28') in 0.021437 seconds
Number of updated asset objects reloaded before import = 0
Number of asset objects unloaded after import = 2
========================================================================
Received Import Request.
  Time since last request: 0.000031 seconds.
  path: Assets/DownloadAssets/LevelGenerator/Demo/Materials/Treasure.mat
  artifactKey: Guid(037a77155d4e0a6458405c713499919a) Importer(815301076,1909f56bfc062723c751e8b465ee728b)
Start importing Assets/DownloadAssets/LevelGenerator/Demo/Materials/Treasure.mat using Guid(037a77155d4e0a6458405c713499919a) Importer(815301076,1909f56bfc062723c751e8b465ee728b)  -> (artifact id: '9efe3ce635dd5eb11306a63f1acb8fc6') in 0.014178 seconds
Number of updated asset objects reloaded before import = 0
Number of asset objects unloaded after import = 2
========================================================================
Received Import Request.
  Time since last request: 0.000023 seconds.
  path: Assets/DownloadAssets/LevelGenerator/Demo/Materials/DeadEnd.mat
  artifactKey: Guid(2d09418ff24d4f347bacc4b40f390146) Importer(815301076,1909f56bfc062723c751e8b465ee728b)
Start importing Assets/DownloadAssets/LevelGenerator/Demo/Materials/DeadEnd.mat using Guid(2d09418ff24d4f347bacc4b40f390146) Importer(815301076,1909f56bfc062723c751e8b465ee728b)  -> (artifact id: 'd470dc0c079d401da16d26151558e8e1') in 0.015496 seconds
Number of updated asset objects reloaded before import = 0
Number of asset objects unloaded after import = 2
========================================================================
Received Import Request.
  Time since last request: 0.000039 seconds.
  path: Assets/DownloadAssets/LevelGenerator/Demo/Materials/Spawn.mat
  artifactKey: Guid(d755150d616ffdb479c5b7400d91c682) Importer(815301076,1909f56bfc062723c751e8b465ee728b)
Start importing Assets/DownloadAssets/LevelGenerator/Demo/Materials/Spawn.mat using Guid(d755150d616ffdb479c5b7400d91c682) Importer(815301076,1909f56bfc062723c751e8b465ee728b)  -> (artifact id: '4c3c63ebcfe0f783a92be0c88b863a48') in 0.014051 seconds
Number of updated asset objects reloaded before import = 0
Number of asset objects unloaded after import = 2
========================================================================
Received Import Request.
  Time since last request: 2209.260843 seconds.
  path: Assets/Prefabs/MapPrefabs/Rooms/Room3.prefab
  artifactKey: Guid(d1e3171ab2772b249a646ccdb6431318) Importer(815301076,1909f56bfc062723c751e8b465ee728b)
Start importing Assets/Prefabs/MapPrefabs/Rooms/Room3.prefab using Guid(d1e3171ab2772b249a646ccdb6431318) Importer(815301076,1909f56bfc062723c751e8b465ee728b)  -> (artifact id: '1009030e2b4c19996e227a1bbfbfcde1') in 0.085001 seconds
Number of updated asset objects reloaded before import = 0
Number of asset objects unloaded after import = 1293
