
=== Thu Apr 25 09:24:20 2024

Packages were changed.
Update Mode: mergeDefaultDependencies

The following packages were added:
  com.unity.modules.ai@1.0.0
  com.unity.modules.androidjni@1.0.0
  com.unity.modules.animation@1.0.0
  com.unity.modules.assetbundle@1.0.0
  com.unity.modules.audio@1.0.0
  com.unity.modules.cloth@1.0.0
  com.unity.modules.director@1.0.0
  com.unity.modules.imageconversion@1.0.0
  com.unity.modules.imgui@1.0.0
  com.unity.modules.jsonserialize@1.0.0
  com.unity.modules.particlesystem@1.0.0
  com.unity.modules.physics@1.0.0
  com.unity.modules.physics2d@1.0.0
  com.unity.modules.screencapture@1.0.0
  com.unity.modules.terrain@1.0.0
  com.unity.modules.terrainphysics@1.0.0
  com.unity.modules.tilemap@1.0.0
  com.unity.modules.ui@1.0.0
  com.unity.modules.uielements@1.0.0
  com.unity.modules.umbra@1.0.0
  com.unity.modules.unityanalytics@1.0.0
  com.unity.modules.unitywebrequest@1.0.0
  com.unity.modules.unitywebrequestassetbundle@1.0.0
  com.unity.modules.unitywebrequestaudio@1.0.0
  com.unity.modules.unitywebrequesttexture@1.0.0
  com.unity.modules.unitywebrequestwww@1.0.0
  com.unity.modules.vehicles@1.0.0
  com.unity.modules.video@1.0.0
  com.unity.modules.vr@1.0.0
  com.unity.modules.wind@1.0.0
  com.unity.modules.xr@1.0.0
The following packages were updated:
  com.unity.collab-proxy from version 1.13.5 to 2.3.1
  com.unity.timeline from version 1.6.2 to 1.7.6
  com.unity.visualscripting from version 1.7.6 to 1.9.2

=== Tue Apr 30 09:26:47 2024

Packages were changed.
Update Mode: updateDependencies

The following packages were updated:
  com.unity.postprocessing from version 2.3.0 to 3.4.0

=== Tue Apr 30 09:26:47 2024

Packages were changed.
Update Mode: mergeDefaultDependencies

The following packages were added:
  com.unity.postprocessing@3.4.0
  com.unity.textmeshpro@3.0.6

=== Fri May 17 17:02:04 2024

Packages were changed.
Update Mode: updateDependencies

The following packages were updated:
  com.unity.cinemachine from version 2.6.15 to 2.9.5
  com.unity.collab-proxy from version 1.15.13 to 2.3.1
  com.unity.formats.fbx from version 4.1.2 to 4.2.1
  com.unity.ide.rider from version 2.0.7 to 3.0.28
  com.unity.ide.visualstudio from version 2.0.14 to 2.0.22
  com.unity.test-framework from version 1.1.31 to 1.1.33
  com.unity.timeline from version 1.5.2 to 1.7.6

=== Fri May 17 17:02:04 2024

Packages were changed.
Update Mode: mergeDefaultDependencies

The following packages were added:
  com.unity.formats.fbx@4.2.1
  com.unity.ide.rider@3.0.28
  com.unity.ide.visualstudio@2.0.22
  com.unity.ide.vscode@1.2.5
  com.unity.test-framework@1.1.33

=== Tue May 21 11:42:19 2024

Packages were changed.
Update Mode: updateDependencies

The following packages were updated:
  com.unity.collab-proxy from version 1.2.16 to 2.3.1
  com.unity.ide.rider from version 1.1.4 to 3.0.28
  com.unity.ide.vscode from version 1.1.4 to 1.2.5
  com.unity.test-framework from version 1.1.11 to 1.1.33
  com.unity.textmeshpro from version 2.0.1 to 3.0.6
  com.unity.timeline from version 1.2.13 to 1.7.6
